CLIENT_HANDSHAKE_TRAFFIC_SECRET 3b709bf2f69f4af02ad7373f45f54334366b37b95567a0ff542ef42d00a226a2 21c27c3fb3c66e694c07be396c9abed4f2d2b7415b3118bc41d75263c57671fc82453ce526313c265243c12e9d85934a
SERVER_HANDSHAKE_TRAFFIC_SECRET 3b709bf2f69f4af02ad7373f45f54334366b37b95567a0ff542ef42d00a226a2 3a662f185ee46a3bc80205301c965b7c3d022982506c81dcaf30913e4bdd5548ca4f5563c2e456018bb110c189dea86c
CLIENT_TRAFFIC_SECRET_0 3b709bf2f69f4af02ad7373f45f54334366b37b95567a0ff542ef42d00a226a2 d9ef238e5ef2d674d749f9f0a5eb65e3c5607cd371989b96eb5ed733921f26245367ca6d4c5f01ee9a978eac0271718400000000000000000000000000000000
SERVER_TRAFFIC_SECRET_0 3b709bf2f69f4af02ad7373f45f54334366b37b95567a0ff542ef42d00a226a2 d7232d016b7d49126e891467b7e5564a66030082491b9279aaf3da1c7751669c9cc344ce552ddc15c0da79a253f674cb00000000000000000000000000000000
EXPORTER_SECRET 3b709bf2f69f4af02ad7373f45f54334366b37b95567a0ff542ef42d00a226a2 d3a22f155f6aeecb4d95990b2c6ef0f649a8cd3c1c632ae4beae184ef2edfa6be49190ad6a96eb4ba50de8e0d3a2d3d3
CLIENT_HANDSHAKE_TRAFFIC_SECRET 3b709bf2f69f4af02ad7373f45f54334366b37b95567a0ff542ef42d00a226a2 21c27c3fb3c66e694c07be396c9abed4f2d2b7415b3118bc41d75263c57671fc82453ce526313c265243c12e9d85934a
SERVER_HANDSHAKE_TRAFFIC_SECRET 3b709bf2f69f4af02ad7373f45f54334366b37b95567a0ff542ef42d00a226a2 3a662f185ee46a3bc80205301c965b7c3d022982506c81dcaf30913e4bdd5548ca4f5563c2e456018bb110c189dea86c
CLIENT_TRAFFIC_SECRET_0 3b709bf2f69f4af02ad7373f45f54334366b37b95567a0ff542ef42d00a226a2 d9ef238e5ef2d674d749f9f0a5eb65e3c5607cd371989b96eb5ed733921f26245367ca6d4c5f01ee9a978eac0271718400000000000000000000000000000000
SERVER_TRAFFIC_SECRET_0 3b709bf2f69f4af02ad7373f45f54334366b37b95567a0ff542ef42d00a226a2 d7232d016b7d49126e891467b7e5564a66030082491b9279aaf3da1c7751669c9cc344ce552ddc15c0da79a253f674cb00000000000000000000000000000000
EXPORTER_SECRET 3b709bf2f69f4af02ad7373f45f54334366b37b95567a0ff542ef42d00a226a2 d3a22f155f6aeecb4d95990b2c6ef0f649a8cd3c1c632ae4beae184ef2edfa6be49190ad6a96eb4ba50de8e0d3a2d3d3
CLIENT_HANDSHAKE_TRAFFIC_SECRET 2b89a064572b603dd5b76ffa175d988ad50ef641e7b10c6e245a2f1fa5daa0d8 a4b72db99dd4d0b12da6420e2e5db8f727cd6da5a4a979c4d9aa865e11001e637343f69046aee7c10ed6af429ba0a2b6
SERVER_HANDSHAKE_TRAFFIC_SECRET 2b89a064572b603dd5b76ffa175d988ad50ef641e7b10c6e245a2f1fa5daa0d8 530413cdc4d6c42b6f5a3c5b7422f11595c18387de1c4842d972c2595aed11a5b4ee69196e73b845e708e114aca8cc61
CLIENT_TRAFFIC_SECRET_0 2b89a064572b603dd5b76ffa175d988ad50ef641e7b10c6e245a2f1fa5daa0d8 ada7a6f548ae72b9a2a7095c76b319febb7e0420a350a1829b8f9cb42647f4e2ea929e1e9c6e82ccd134367d1499006500000000000000000000000000000000
SERVER_TRAFFIC_SECRET_0 2b89a064572b603dd5b76ffa175d988ad50ef641e7b10c6e245a2f1fa5daa0d8 45e0fd0013adad55a11e31974ef14969ac5f96cd541cd9cd6b145856a6b6264550aac49a374c6c8ff8874b84e67d92c300000000000000000000000000000000
EXPORTER_SECRET 2b89a064572b603dd5b76ffa175d988ad50ef641e7b10c6e245a2f1fa5daa0d8 92234e27c2cb3128cf6a4a81f29a9e762993dfd506ba7848b471c5731eb1a309e3098774e65f6e8df1e24cb7e10d8492
CLIENT_HANDSHAKE_TRAFFIC_SECRET 2b89a064572b603dd5b76ffa175d988ad50ef641e7b10c6e245a2f1fa5daa0d8 a4b72db99dd4d0b12da6420e2e5db8f727cd6da5a4a979c4d9aa865e11001e637343f69046aee7c10ed6af429ba0a2b6
SERVER_HANDSHAKE_TRAFFIC_SECRET 2b89a064572b603dd5b76ffa175d988ad50ef641e7b10c6e245a2f1fa5daa0d8 530413cdc4d6c42b6f5a3c5b7422f11595c18387de1c4842d972c2595aed11a5b4ee69196e73b845e708e114aca8cc61
CLIENT_TRAFFIC_SECRET_0 2b89a064572b603dd5b76ffa175d988ad50ef641e7b10c6e245a2f1fa5daa0d8 ada7a6f548ae72b9a2a7095c76b319febb7e0420a350a1829b8f9cb42647f4e2ea929e1e9c6e82ccd134367d1499006500000000000000000000000000000000
SERVER_TRAFFIC_SECRET_0 2b89a064572b603dd5b76ffa175d988ad50ef641e7b10c6e245a2f1fa5daa0d8 45e0fd0013adad55a11e31974ef14969ac5f96cd541cd9cd6b145856a6b6264550aac49a374c6c8ff8874b84e67d92c300000000000000000000000000000000
EXPORTER_SECRET 2b89a064572b603dd5b76ffa175d988ad50ef641e7b10c6e245a2f1fa5daa0d8 92234e27c2cb3128cf6a4a81f29a9e762993dfd506ba7848b471c5731eb1a309e3098774e65f6e8df1e24cb7e10d8492
CLIENT_HANDSHAKE_TRAFFIC_SECRET 2b89a064572b603dd5b76ffa175d988ad50ef641e7b10c6e245a2f1fa5daa0d8 a4b72db99dd4d0b12da6420e2e5db8f727cd6da5a4a979c4d9aa865e11001e637343f69046aee7c10ed6af429ba0a2b6
SERVER_HANDSHAKE_TRAFFIC_SECRET 2b89a064572b603dd5b76ffa175d988ad50ef641e7b10c6e245a2f1fa5daa0d8 530413cdc4d6c42b6f5a3c5b7422f11595c18387de1c4842d972c2595aed11a5b4ee69196e73b845e708e114aca8cc61
CLIENT_TRAFFIC_SECRET_0 2b89a064572b603dd5b76ffa175d988ad50ef641e7b10c6e245a2f1fa5daa0d8 ada7a6f548ae72b9a2a7095c76b319febb7e0420a350a1829b8f9cb42647f4e2ea929e1e9c6e82ccd134367d1499006500000000000000000000000000000000
SERVER_TRAFFIC_SECRET_0 2b89a064572b603dd5b76ffa175d988ad50ef641e7b10c6e245a2f1fa5daa0d8 45e0fd0013adad55a11e31974ef14969ac5f96cd541cd9cd6b145856a6b6264550aac49a374c6c8ff8874b84e67d92c300000000000000000000000000000000
EXPORTER_SECRET 2b89a064572b603dd5b76ffa175d988ad50ef641e7b10c6e245a2f1fa5daa0d8 92234e27c2cb3128cf6a4a81f29a9e762993dfd506ba7848b471c5731eb1a309e3098774e65f6e8df1e24cb7e10d8492
