CLIENT_HANDSHAKE_TRAFFIC_SECRET df4eca3556ffb86d08bcadfe5b8ee588b9f1fa390144cf02b6a5ae0a721fc71e df4def377747926c1c406940864d38479b9908c319512f941a4cddc0f4c4bf26
SERVER_HANDSHAKE_TRAFFIC_SECRET df4eca3556ffb86d08bcadfe5b8ee588b9f1fa390144cf02b6a5ae0a721fc71e d6f845b3afc7df5ef4f8ad3ef98ade9dd8023de47a71472cefacdd42c880830a
CLIENT_TRAFFIC_SECRET_0 df4eca3556ffb86d08bcadfe5b8ee588b9f1fa390144cf02b6a5ae0a721fc71e 586de8c4e81a040afc5397c07d8fff4d95dd9676d980119865d6b7cd5f5e02640000000000000000000000000000000000000000000000000000000000000000
SERVER_TRAFFIC_SECRET_0 df4eca3556ffb86d08bcadfe5b8ee588b9f1fa390144cf02b6a5ae0a721fc71e 36304ebae57856f2ca6c1cc22f6af80b9a2e65db3b9ec3e1c68a823a584b83130000000000000000000000000000000000000000000000000000000000000000
EXPORTER_SECRET df4eca3556ffb86d08bcadfe5b8ee588b9f1fa390144cf02b6a5ae0a721fc71e d19e839d136d30e7a55e0ccfef193bc6f7f2c10148dcad4046c0e7a20ee119e8
CLIENT_HANDSHAKE_TRAFFIC_SECRET 04c7c1bc1f1779ac2b5e966101d473338a3a65d9eda22ea573dabea706912cf8 6153c34b17bd148f59fb33418b2f1a40540bf5dcc177f4aa9edf61203a5ff0ca
SERVER_HANDSHAKE_TRAFFIC_SECRET 04c7c1bc1f1779ac2b5e966101d473338a3a65d9eda22ea573dabea706912cf8 ce81c3330aff4a0c2b64efc7ac7e8c7018e69c59d506bab93a91938c1a5a1276
CLIENT_TRAFFIC_SECRET_0 04c7c1bc1f1779ac2b5e966101d473338a3a65d9eda22ea573dabea706912cf8 88a05e81052edc8822d28bd458f8b2de6657c90cc06a0309512cc4d6ad885b080000000000000000000000000000000000000000000000000000000000000000
SERVER_TRAFFIC_SECRET_0 04c7c1bc1f1779ac2b5e966101d473338a3a65d9eda22ea573dabea706912cf8 8f82ab18e616ce59c50692cc0d79d035385f2bcd8bf2508b9fe765ebd95756710000000000000000000000000000000000000000000000000000000000000000
EXPORTER_SECRET 04c7c1bc1f1779ac2b5e966101d473338a3a65d9eda22ea573dabea706912cf8 6b3f39d881809e20d33f47c0aee0137a4265b891c16619f0a81e7818c8447ee1
CLIENT_HANDSHAKE_TRAFFIC_SECRET f66d485c94c8adbd850e31b6fb175fe444f4b71fd2fa70d370ba05dbae6823e6 0f6094c8c62888d60e08a3180e6ee2b0abd53c329a979c96ea150ddb4f39699b
SERVER_HANDSHAKE_TRAFFIC_SECRET f66d485c94c8adbd850e31b6fb175fe444f4b71fd2fa70d370ba05dbae6823e6 d929f3647eebdd7e7313069fb6a7415c709644a49082ced86e4f62147446ee9e
CLIENT_TRAFFIC_SECRET_0 f66d485c94c8adbd850e31b6fb175fe444f4b71fd2fa70d370ba05dbae6823e6 03cc212f178e14ccbbad427bde8963a2ab05014fe0f1fe3f075744f1c2e47da40000000000000000000000000000000000000000000000000000000000000000
SERVER_TRAFFIC_SECRET_0 f66d485c94c8adbd850e31b6fb175fe444f4b71fd2fa70d370ba05dbae6823e6 f6bbfac795665716c837f1365a04b13d90112dc574623c459f88b8e3890183dc0000000000000000000000000000000000000000000000000000000000000000
EXPORTER_SECRET f66d485c94c8adbd850e31b6fb175fe444f4b71fd2fa70d370ba05dbae6823e6 4738e00c23008a943b2a3d7b80c9c56be31e8133f4e1ddfcafad166c3f113a8a
CLIENT_HANDSHAKE_TRAFFIC_SECRET b1047e87484b73b3c5a8ad5762f7b9f724b9089d8813a19d993982ddcf5e395e f3bc5bfb92c239f536d281bb7a9e5aa9d96fb597586964b579ce404519e0a7ea
SERVER_HANDSHAKE_TRAFFIC_SECRET b1047e87484b73b3c5a8ad5762f7b9f724b9089d8813a19d993982ddcf5e395e fdc4b25d3efc71a26e67840f8d9dd33c59470bac2c641621a9c134cdb97efb6f
CLIENT_TRAFFIC_SECRET_0 b1047e87484b73b3c5a8ad5762f7b9f724b9089d8813a19d993982ddcf5e395e d0791c357d5de1621df95094bb6fc582b634bb95e8266f5f5fca53cf756083ba0000000000000000000000000000000000000000000000000000000000000000
SERVER_TRAFFIC_SECRET_0 b1047e87484b73b3c5a8ad5762f7b9f724b9089d8813a19d993982ddcf5e395e 3fdc87a3b3d37fa2853f8dea5293b80481516731a18b267a0ba7df344473e9860000000000000000000000000000000000000000000000000000000000000000
EXPORTER_SECRET b1047e87484b73b3c5a8ad5762f7b9f724b9089d8813a19d993982ddcf5e395e e572d5c5f3dced2b4ff3b1dfb598c17bb92975b9bf9bd175e8270b27e3f03b5a
CLIENT_HANDSHAKE_TRAFFIC_SECRET f994b130f5905822a5e1959b7ed91474da7c9f2328a7d7114d21836fa230dfd4 3a9816ea155b5e97af3d48bedfdff07d4a666926a7546443a4a90330e6ee08fb
SERVER_HANDSHAKE_TRAFFIC_SECRET f994b130f5905822a5e1959b7ed91474da7c9f2328a7d7114d21836fa230dfd4 f70d4e4e9e8fc7dfa957d53895e9273af8d92cd9076841e81bf2cde229f60f11
CLIENT_TRAFFIC_SECRET_0 f994b130f5905822a5e1959b7ed91474da7c9f2328a7d7114d21836fa230dfd4 87f83a49270b69d3e2657dd232c9c4827ba9edf8766b81d8b753b5c3cd2fb1fd0000000000000000000000000000000000000000000000000000000000000000
SERVER_TRAFFIC_SECRET_0 f994b130f5905822a5e1959b7ed91474da7c9f2328a7d7114d21836fa230dfd4 87e7cf6cd4152ee211d525695036fd9dd6bfa01185a96db466601ff823ca5f9e0000000000000000000000000000000000000000000000000000000000000000
EXPORTER_SECRET f994b130f5905822a5e1959b7ed91474da7c9f2328a7d7114d21836fa230dfd4 c2c71dcff7ff2ec9783a06cf22eb12b078bd028bdaa6319ede7940c69fe58681
CLIENT_HANDSHAKE_TRAFFIC_SECRET d659ca61d40bed77a91066fe19a3d5764917fb532035e51c0b496fdb2c4a1664 a33e4c9a1b740029acd2ce9de8572ccbd05eb162ec7b47f468c1d1928f5d8284
SERVER_HANDSHAKE_TRAFFIC_SECRET d659ca61d40bed77a91066fe19a3d5764917fb532035e51c0b496fdb2c4a1664 7e0e8c663029d32663c329dd11eca41f0536531532384f1e203f18ef425f5d9b
CLIENT_TRAFFIC_SECRET_0 d659ca61d40bed77a91066fe19a3d5764917fb532035e51c0b496fdb2c4a1664 c71d3584c45c573f330c05c01580e31e908b071fdc226186905a498de8063fab0000000000000000000000000000000000000000000000000000000000000000
SERVER_TRAFFIC_SECRET_0 d659ca61d40bed77a91066fe19a3d5764917fb532035e51c0b496fdb2c4a1664 6f091e8f5cfc9283443ef8c94bb1de6af103dda39c6a7c301a91a40e54098e230000000000000000000000000000000000000000000000000000000000000000
EXPORTER_SECRET d659ca61d40bed77a91066fe19a3d5764917fb532035e51c0b496fdb2c4a1664 288db036b40ab10a46973028051706b34689dfab1cb72c12e5ca00722972be3f
